E:\STUDY\WORKSPACE\RECOGNIZEFACE_HJ\RECOGNIZEFACE_HJ\DEBUG\MAIN.OBJ
E:\STUDY\WORKSPACE\RECOGNIZEFACE_HJ\RECOGNIZEFACE_HJ\DEBUG\VC110.PDB
E:\STUDY\WORKSPACE\RECOGNIZEFACE_HJ\DEBUG\RECOGNIZEFACE_HJ.ILK
E:\STUDY\WORKSPACE\RECOGNIZEFACE_HJ\DEBUG\RECOGNIZEFACE_HJ.EXE
E:\STUDY\WORKSPACE\RECOGNIZEFACE_HJ\DEBUG\RECOGNIZEFACE_HJ.PDB
E:\study\workspace\RecognizeFace_hj\RecognizeFace_hj\Debug\main.obj
E:\study\workspace\RecognizeFace_hj\RecognizeFace_hj\Debug\cl.command.1.tlog
E:\study\workspace\RecognizeFace_hj\RecognizeFace_hj\Debug\CL.read.1.tlog
E:\study\workspace\RecognizeFace_hj\RecognizeFace_hj\Debug\CL.write.1.tlog
E:\study\workspace\RecognizeFace_hj\RecognizeFace_hj\Debug\link-cvtres.read.1.tlog
E:\study\workspace\RecognizeFace_hj\RecognizeFace_hj\Debug\link-cvtres.write.1.tlog
E:\study\workspace\RecognizeFace_hj\RecognizeFace_hj\Debug\link-rc.read.1.tlog
E:\study\workspace\RecognizeFace_hj\RecognizeFace_hj\Debug\link-rc.write.1.tlog
E:\study\workspace\RecognizeFace_hj\RecognizeFace_hj\Debug\link.3184-cvtres.read.1.tlog
E:\study\workspace\RecognizeFace_hj\RecognizeFace_hj\Debug\link.3184-cvtres.write.1.tlog
E:\study\workspace\RecognizeFace_hj\RecognizeFace_hj\Debug\link.3184-rc.read.1.tlog
E:\study\workspace\RecognizeFace_hj\RecognizeFace_hj\Debug\link.3184-rc.write.1.tlog
E:\study\workspace\RecognizeFace_hj\RecognizeFace_hj\Debug\link.3184.read.1.tlog
E:\study\workspace\RecognizeFace_hj\RecognizeFace_hj\Debug\link.3184.write.1.tlog
E:\study\workspace\RecognizeFace_hj\RecognizeFace_hj\Debug\link.3244-cvtres.read.1.tlog
E:\study\workspace\RecognizeFace_hj\RecognizeFace_hj\Debug\link.3244-cvtres.write.1.tlog
E:\study\workspace\RecognizeFace_hj\RecognizeFace_hj\Debug\link.3244-rc.read.1.tlog
E:\study\workspace\RecognizeFace_hj\RecognizeFace_hj\Debug\link.3244-rc.write.1.tlog
E:\study\workspace\RecognizeFace_hj\RecognizeFace_hj\Debug\link.3244.read.1.tlog
E:\study\workspace\RecognizeFace_hj\RecognizeFace_hj\Debug\link.3244.write.1.tlog
E:\study\workspace\RecognizeFace_hj\RecognizeFace_hj\Debug\link.command.1.tlog
E:\study\workspace\RecognizeFace_hj\RecognizeFace_hj\Debug\link.read.1.tlog
E:\study\workspace\RecognizeFace_hj\RecognizeFace_hj\Debug\link.write.1.tlog
E:\study\workspace\RecognizeFace_hj\RecognizeFace_hj\Debug\vc110.idb
E:\study\workspace\RecognizeFace_hj\RecognizeFace_hj\Debug\vc110.pdb
E:\study\workspace\RecognizeFace_hj\Debug\RecognizeFace_hj.pdb
E:\study\workspace\RecognizeFace_hj\Debug\RecognizeFace_hj.exe
E:\study\workspace\RecognizeFace_hj\Debug\RecognizeFace_hj.ilk
