生成启动时间为 2014/8/27 11:41:21。
     1>项目“E:\face recognize\RecognizeFace_hj\RecognizeFace_hj\RecognizeFace_hj\RecognizeFace_hj.vcxproj”在节点 2 上(build 个目标)。
     1>InitializeBuildStatus:
         正在创建“x64\Debug\RecognizeFace_hj.unsuccessfulbuild”，因为已指定“AlwaysCreate”。
       ClCompile:
         C:\Program Files (x86)\Microsoft Visual Studio 10.0\VC\bin\x86_amd64\CL.exe /c /Zi /nologo /W3 /WX- /Od /D _MBCS /Gm /EHsc /RTC1 /MDd /GS /fp:precise /Zc:wchar_t /Zc:forScope /Fo"x64\Debug\\" /Fd"x64\Debug\vc100.pdb" /Gd /TP /errorReport:prompt LBPHFaceRecognizer.cpp
         LBPHFaceRecognizer.cpp
     1>e:\face recognize\recognizeface_hj\recognizeface_hj\recognizeface_hj\lbphfacerecognizer.cpp(56): warning C4715: “predictedString”: 不是所有的控件路径都返回值
       Link:
         C:\Program Files (x86)\Microsoft Visual Studio 10.0\VC\bin\x86_amd64\link.exe /ERRORREPORT:PROMPT /OUT:"E:\face recognize\RecognizeFace_hj\RecognizeFace_hj\RecognizeFace_hj\x64\Debug\RecognizeFace_hj.exe" /NOLOGO opencv_calib3d249d.lib opencv_contrib249d.lib opencv_core249d.lib opencv_features2d249d.lib opencv_flann249d.lib opencv_gpu249d.lib opencv_highgui249d.lib opencv_imgproc249d.lib opencv_legacy249d.lib opencv_ml249d.lib opencv_nonfree249d.lib opencv_objdetect249d.lib opencv_ocl249d.lib opencv_photo249d.lib opencv_stitching249d.lib opencv_superres249d.lib opencv_ts249d.lib opencv_video249d.lib opencv_videostab249d.lib kernel32.lib user32.lib gdi32.lib winspool.lib comdlg32.lib advapi32.lib shell32.lib ole32.lib oleaut32.lib uuid.lib odbc32.lib odbccp32.lib /MANIFEST /ManifestFile:"x64\Debug\RecognizeFace_hj.exe.intermediate.manifest" /MANIFESTUAC:"level='asInvoker' uiAccess='false'" /DEBUG /PDB:"E:\face recognize\RecognizeFace_hj\RecognizeFace_hj\RecognizeFace_hj\x64\Debug\RecognizeFace_hj.pdb" /TLBID:1 /DYNAMICBASE /NXCOMPAT /IMPLIB:"E:\face recognize\RecognizeFace_hj\RecognizeFace_hj\RecognizeFace_hj\x64\Debug\RecognizeFace_hj.lib" /MACHINE:X64 x64\Debug\HaarDetect.obj
         x64\Debug\LBPHFaceRecognizer.obj
         x64\Debug\main.obj
         LINK : 没有找到 E:\face recognize\RecognizeFace_hj\RecognizeFace_hj\RecognizeFace_hj\x64\Debug\RecognizeFace_hj.exe 或上一个增量链接没有生成它；正在执行完全链接
         RecognizeFace_hj.vcxproj -> E:\face recognize\RecognizeFace_hj\RecognizeFace_hj\RecognizeFace_hj\x64\Debug\RecognizeFace_hj.exe
       Manifest:
         C:\Program Files (x86)\Microsoft SDKs\Windows\v7.0A\bin\mt.exe /nologo /verbose /outputresource:"E:\face recognize\RecognizeFace_hj\RecognizeFace_hj\RecognizeFace_hj\x64\Debug\RecognizeFace_hj.exe;#1" /manifest x64\Debug\RecognizeFace_hj.exe.intermediate.manifest
       FinalizeBuildStatus:
         正在删除文件“x64\Debug\RecognizeFace_hj.unsuccessfulbuild”。
         正在对“x64\Debug\RecognizeFace_hj.lastbuildstate”执行 Touch 任务。
     1>已完成生成项目“E:\face recognize\RecognizeFace_hj\RecognizeFace_hj\RecognizeFace_hj\RecognizeFace_hj.vcxproj”(build 个目标)的操作。

生成成功。

已用时间 00:00:01.09
